{"/Users/macbookpro/skillTestApplication/src/Colors/colors.js": {"path":"/Users/macbookpro/skillTestApplication/src/Colors/colors.js","statementMap":{"0":{"start":{"line":1,"column":21},"end":{"line":1,"column":27}},"1":{"start":{"line":2,"column":21},"end":{"line":2,"column":27}},"2":{"start":{"line":3,"column":22},"end":{"line":3,"column":28}},"3":{"start":{"line":4,"column":23},"end":{"line":4,"column":29}},"4":{"start":{"line":5,"column":24},"end":{"line":5,"column":30}}},"fnMap":{},"branchMap":{},"s":{"0":5,"1":5,"2":5,"3":5,"4":5},"f":{},"b":{},"_coverageSchema":"1a1c01bbd47fc00a2c39e90264f33305004495a9","hash":"d2e053c9a0e8447c95fdbfde72c936b8b8d381e3"}
,"/Users/macbookpro/skillTestApplication/src/Colors/index.js": {"path":"/Users/macbookpro/skillTestApplication/src/Colors/index.js","statementMap":{},"fnMap":{},"branchMap":{},"s":{},"f":{},"b":{},"_coverageSchema":"1a1c01bbd47fc00a2c39e90264f33305004495a9","hash":"5a02cced8425389a62dd2b51ef85e1657ed649d5"}
,"/Users/macbookpro/skillTestApplication/src/Components/Card/Card.component.js": {"path":"/Users/macbookpro/skillTestApplication/src/Components/Card/Card.component.js","statementMap":{"0":{"start":{"line":8,"column":13},"end":{"line":19,"column":1}},"1":{"start":{"line":9,"column":20},"end":{"line":9,"column":65}},"2":{"start":{"line":9,"column":52},"end":{"line":9,"column":64}},"3":{"start":{"line":10,"column":16},"end":{"line":10,"column":31}},"4":{"start":{"line":12,"column":2},"end":{"line":18,"column":4}},"5":{"start":{"line":21,"column":0},"end":{"line":21,"column":38}},"6":{"start":{"line":22,"column":0},"end":{"line":22,"column":40}}},"fnMap":{"0":{"name":"(anonymous_0)","decl":{"start":{"line":8,"column":13},"end":{"line":8,"column":14}},"loc":{"start":{"line":8,"column":43},"end":{"line":19,"column":1}},"line":8},"1":{"name":"(anonymous_1)","decl":{"start":{"line":9,"column":32},"end":{"line":9,"column":33}},"loc":{"start":{"line":9,"column":52},"end":{"line":9,"column":64}},"line":9}},"branchMap":{},"s":{"0":2,"1":4,"2":4,"3":4,"4":4,"5":2,"6":2},"f":{"0":4,"1":4},"b":{},"_coverageSchema":"1a1c01bbd47fc00a2c39e90264f33305004495a9","hash":"f1531e3554c5bab6a668e3f902f9490e34465208"}
,"/Users/macbookpro/skillTestApplication/src/Components/Card/Card.config.js": {"path":"/Users/macbookpro/skillTestApplication/src/Components/Card/Card.config.js","statementMap":{"0":{"start":{"line":3,"column":21},"end":{"line":7,"column":1}},"1":{"start":{"line":9,"column":20},"end":{"line":9,"column":26}}},"fnMap":{},"branchMap":{},"s":{"0":2,"1":2},"f":{},"b":{},"_coverageSchema":"1a1c01bbd47fc00a2c39e90264f33305004495a9","hash":"f45dbfcdd9004643c4fb26ae1e51f63bef8538d3"}
,"/Users/macbookpro/skillTestApplication/src/Components/Card/Card.styles.js": {"path":"/Users/macbookpro/skillTestApplication/src/Components/Card/Card.styles.js","statementMap":{"0":{"start":{"line":3,"column":15},"end":{"line":16,"column":1}},"1":{"start":{"line":5,"column":4},"end":{"line":14,"column":6}}},"fnMap":{"0":{"name":"(anonymous_0)","decl":{"start":{"line":4,"column":13},"end":{"line":4,"column":14}},"loc":{"start":{"line":4,"column":27},"end":{"line":15,"column":3}},"line":4}},"branchMap":{"0":{"loc":{"start":{"line":9,"column":23},"end":{"line":9,"column":77}},"type":"cond-expr","locations":[{"start":{"line":9,"column":36},"end":{"line":9,"column":55}},{"start":{"line":9,"column":58},"end":{"line":9,"column":77}}],"line":9}},"s":{"0":2,"1":4},"f":{"0":4},"b":{"0":[2,2]},"_coverageSchema":"1a1c01bbd47fc00a2c39e90264f33305004495a9","hash":"4eb88bea1d4ad9c46a5551b4a826ab3e11bf4dce"}
,"/Users/macbookpro/skillTestApplication/src/Components/HeaderList/HeaderList.component.js": {"path":"/Users/macbookpro/skillTestApplication/src/Components/HeaderList/HeaderList.component.js","statementMap":{"0":{"start":{"line":9,"column":19},"end":{"line":19,"column":1}},"1":{"start":{"line":10,"column":20},"end":{"line":10,"column":65}},"2":{"start":{"line":10,"column":52},"end":{"line":10,"column":64}},"3":{"start":{"line":11,"column":16},"end":{"line":11,"column":31}},"4":{"start":{"line":12,"column":28},"end":{"line":12,"column":33}},"5":{"start":{"line":14,"column":2},"end":{"line":18,"column":4}},"6":{"start":{"line":21,"column":0},"end":{"line":21,"column":44}},"7":{"start":{"line":22,"column":0},"end":{"line":22,"column":46}}},"fnMap":{"0":{"name":"(anonymous_0)","decl":{"start":{"line":9,"column":19},"end":{"line":9,"column":20}},"loc":{"start":{"line":9,"column":49},"end":{"line":19,"column":1}},"line":9},"1":{"name":"(anonymous_1)","decl":{"start":{"line":10,"column":32},"end":{"line":10,"column":33}},"loc":{"start":{"line":10,"column":52},"end":{"line":10,"column":64}},"line":10}},"branchMap":{},"s":{"0":3,"1":4,"2":4,"3":4,"4":4,"5":4,"6":3,"7":3},"f":{"0":4,"1":4},"b":{},"_coverageSchema":"1a1c01bbd47fc00a2c39e90264f33305004495a9","hash":"a715810c09ba699d8e5cebda8ca9992628e4627c"}
,"/Users/macbookpro/skillTestApplication/src/Components/HeaderList/HeaderList.config.js": {"path":"/Users/macbookpro/skillTestApplication/src/Components/HeaderList/HeaderList.config.js","statementMap":{"0":{"start":{"line":1,"column":21},"end":{"line":3,"column":1}},"1":{"start":{"line":5,"column":20},"end":{"line":5,"column":32}}},"fnMap":{},"branchMap":{},"s":{"0":3,"1":3},"f":{},"b":{},"_coverageSchema":"1a1c01bbd47fc00a2c39e90264f33305004495a9","hash":"cf66871e0a0270fb60a095388b8ccfd0913a701f"}
,"/Users/macbookpro/skillTestApplication/src/Components/HeaderList/HeaderList.styles.js": {"path":"/Users/macbookpro/skillTestApplication/src/Components/HeaderList/HeaderList.styles.js","statementMap":{"0":{"start":{"line":3,"column":15},"end":{"line":17,"column":1}},"1":{"start":{"line":5,"column":4},"end":{"line":8,"column":6}},"2":{"start":{"line":11,"column":4},"end":{"line":15,"column":6}}},"fnMap":{"0":{"name":"(anonymous_0)","decl":{"start":{"line":4,"column":13},"end":{"line":4,"column":14}},"loc":{"start":{"line":4,"column":26},"end":{"line":9,"column":3}},"line":4},"1":{"name":"(anonymous_1)","decl":{"start":{"line":10,"column":8},"end":{"line":10,"column":9}},"loc":{"start":{"line":10,"column":21},"end":{"line":16,"column":3}},"line":10}},"branchMap":{"0":{"loc":{"start":{"line":6,"column":19},"end":{"line":6,"column":75}},"type":"cond-expr","locations":[{"start":{"line":6,"column":31},"end":{"line":6,"column":51}},{"start":{"line":6,"column":54},"end":{"line":6,"column":75}}],"line":6},"1":{"loc":{"start":{"line":14,"column":13},"end":{"line":14,"column":69}},"type":"cond-expr","locations":[{"start":{"line":14,"column":25},"end":{"line":14,"column":47}},{"start":{"line":14,"column":50},"end":{"line":14,"column":69}}],"line":14}},"s":{"0":3,"1":4,"2":4},"f":{"0":4,"1":4},"b":{"0":[2,2],"1":[2,2]},"_coverageSchema":"1a1c01bbd47fc00a2c39e90264f33305004495a9","hash":"c29d47fc8ca452fc5f0f2fdd740da63c1a79241f"}
,"/Users/macbookpro/skillTestApplication/src/Components/HeaderList/index.js": {"path":"/Users/macbookpro/skillTestApplication/src/Components/HeaderList/index.js","statementMap":{},"fnMap":{},"branchMap":{},"s":{},"f":{},"b":{},"_coverageSchema":"1a1c01bbd47fc00a2c39e90264f33305004495a9","hash":"77976444932c62d5197450f8dd17bc67ceebecc9"}
,"/Users/macbookpro/skillTestApplication/src/Components/ListView/ListView.component.js": {"path":"/Users/macbookpro/skillTestApplication/src/Components/ListView/ListView.component.js","statementMap":{"0":{"start":{"line":7,"column":17},"end":{"line":17,"column":1}},"1":{"start":{"line":8,"column":2},"end":{"line":16,"column":9}},"2":{"start":{"line":12,"column":30},"end":{"line":12,"column":68}},"3":{"start":{"line":19,"column":0},"end":{"line":19,"column":42}},"4":{"start":{"line":20,"column":0},"end":{"line":20,"column":44}}},"fnMap":{"0":{"name":"(anonymous_0)","decl":{"start":{"line":7,"column":17},"end":{"line":7,"column":18}},"loc":{"start":{"line":8,"column":2},"end":{"line":16,"column":9}},"line":8},"1":{"name":"(anonymous_1)","decl":{"start":{"line":12,"column":18},"end":{"line":12,"column":19}},"loc":{"start":{"line":12,"column":30},"end":{"line":12,"column":68}},"line":12}},"branchMap":{},"s":{"0":3,"1":7,"2":2,"3":3,"4":3},"f":{"0":7,"1":2},"b":{},"_coverageSchema":"1a1c01bbd47fc00a2c39e90264f33305004495a9","hash":"bbbf1d38c176c0228a9e9afb705325ef3a4d1eaf"}
,"/Users/macbookpro/skillTestApplication/src/Components/ListView/ListView.config.js": {"path":"/Users/macbookpro/skillTestApplication/src/Components/ListView/ListView.config.js","statementMap":{"0":{"start":{"line":3,"column":21},"end":{"line":9,"column":1}},"1":{"start":{"line":11,"column":20},"end":{"line":11,"column":30}}},"fnMap":{},"branchMap":{},"s":{"0":3,"1":3},"f":{},"b":{},"_coverageSchema":"1a1c01bbd47fc00a2c39e90264f33305004495a9","hash":"8ecc03ab8cd29ae2074af2ae7957b3f22b6d4325"}
,"/Users/macbookpro/skillTestApplication/src/Components/ListView/ListView.styles.js": {"path":"/Users/macbookpro/skillTestApplication/src/Components/ListView/ListView.styles.js","statementMap":{"0":{"start":{"line":1,"column":15},"end":{"line":10,"column":1}}},"fnMap":{},"branchMap":{},"s":{"0":3},"f":{},"b":{},"_coverageSchema":"1a1c01bbd47fc00a2c39e90264f33305004495a9","hash":"cf8ed6f27fa0b653101a0467cc13d34ba2e0c4eb"}
,"/Users/macbookpro/skillTestApplication/src/Components/ListView/index.js": {"path":"/Users/macbookpro/skillTestApplication/src/Components/ListView/index.js","statementMap":{},"fnMap":{},"branchMap":{},"s":{},"f":{},"b":{},"_coverageSchema":"1a1c01bbd47fc00a2c39e90264f33305004495a9","hash":"aab64de71243e53edb802adc2b5d750c09554387"}
,"/Users/macbookpro/skillTestApplication/src/Components/TextField/TextField.component.js": {"path":"/Users/macbookpro/skillTestApplication/src/Components/TextField/TextField.component.js","statementMap":{"0":{"start":{"line":8,"column":18},"end":{"line":25,"column":1}},"1":{"start":{"line":9,"column":20},"end":{"line":9,"column":65}},"2":{"start":{"line":9,"column":52},"end":{"line":9,"column":64}},"3":{"start":{"line":10,"column":16},"end":{"line":10,"column":31}},"4":{"start":{"line":11,"column":74},"end":{"line":11,"column":79}},"5":{"start":{"line":13,"column":2},"end":{"line":24,"column":4}},"6":{"start":{"line":27,"column":0},"end":{"line":27,"column":43}},"7":{"start":{"line":28,"column":0},"end":{"line":28,"column":45}}},"fnMap":{"0":{"name":"(anonymous_0)","decl":{"start":{"line":8,"column":18},"end":{"line":8,"column":19}},"loc":{"start":{"line":8,"column":27},"end":{"line":25,"column":1}},"line":8},"1":{"name":"(anonymous_1)","decl":{"start":{"line":9,"column":32},"end":{"line":9,"column":33}},"loc":{"start":{"line":9,"column":52},"end":{"line":9,"column":64}},"line":9}},"branchMap":{},"s":{"0":2,"1":6,"2":4,"3":6,"4":6,"5":6,"6":2,"7":2},"f":{"0":6,"1":4},"b":{},"_coverageSchema":"1a1c01bbd47fc00a2c39e90264f33305004495a9","hash":"0ca253df4faf777f82f75ef97cbc351ef94de18c"}
,"/Users/macbookpro/skillTestApplication/src/Components/TextField/TextField.config.js": {"path":"/Users/macbookpro/skillTestApplication/src/Components/TextField/TextField.config.js","statementMap":{"0":{"start":{"line":1,"column":21},"end":{"line":7,"column":1}},"1":{"start":{"line":9,"column":20},"end":{"line":9,"column":31}}},"fnMap":{},"branchMap":{},"s":{"0":2,"1":2},"f":{},"b":{},"_coverageSchema":"1a1c01bbd47fc00a2c39e90264f33305004495a9","hash":"3ba5a8b37f0af2d9ace70470023fcf76acd5867d"}
,"/Users/macbookpro/skillTestApplication/src/Components/TextField/TextField.styles.js": {"path":"/Users/macbookpro/skillTestApplication/src/Components/TextField/TextField.styles.js","statementMap":{"0":{"start":{"line":1,"column":15},"end":{"line":7,"column":1}},"1":{"start":{"line":3,"column":4},"end":{"line":5,"column":6}}},"fnMap":{"0":{"name":"(anonymous_0)","decl":{"start":{"line":2,"column":8},"end":{"line":2,"column":9}},"loc":{"start":{"line":2,"column":44},"end":{"line":6,"column":3}},"line":2}},"branchMap":{"0":{"loc":{"start":{"line":4,"column":13},"end":{"line":4,"column":45}},"type":"cond-expr","locations":[{"start":{"line":4,"column":25},"end":{"line":4,"column":33}},{"start":{"line":4,"column":36},"end":{"line":4,"column":45}}],"line":4}},"s":{"0":2,"1":6},"f":{"0":6},"b":{"0":[3,3]},"_coverageSchema":"1a1c01bbd47fc00a2c39e90264f33305004495a9","hash":"7c62960a59158534816fef2f68a0afc151d619fa"}
,"/Users/macbookpro/skillTestApplication/src/Components/TextField/index.js": {"path":"/Users/macbookpro/skillTestApplication/src/Components/TextField/index.js","statementMap":{},"fnMap":{},"branchMap":{},"s":{},"f":{},"b":{},"_coverageSchema":"1a1c01bbd47fc00a2c39e90264f33305004495a9","hash":"581f86cea331a3818aa5ef6d0b2db1849dfc4440"}
,"/Users/macbookpro/skillTestApplication/src/Constants/Constants.js": {"path":"/Users/macbookpro/skillTestApplication/src/Constants/Constants.js","statementMap":{"0":{"start":{"line":1,"column":18},"end":{"line":9,"column":1}}},"fnMap":{"0":{"name":"(anonymous_0)","decl":{"start":{"line":7,"column":20},"end":{"line":7,"column":21}},"loc":{"start":{"line":7,"column":26},"end":{"line":7,"column":28}},"line":7}},"branchMap":{},"s":{"0":5},"f":{"0":6},"b":{},"_coverageSchema":"1a1c01bbd47fc00a2c39e90264f33305004495a9","hash":"56545ad749122e60cf02d2931dc485acb2f78637"}
,"/Users/macbookpro/skillTestApplication/src/Constants/index.js": {"path":"/Users/macbookpro/skillTestApplication/src/Constants/index.js","statementMap":{},"fnMap":{},"branchMap":{},"s":{},"f":{},"b":{},"_coverageSchema":"1a1c01bbd47fc00a2c39e90264f33305004495a9","hash":"f567849228f6346d8026b8013d8e3c3f9aec278b"}
,"/Users/macbookpro/skillTestApplication/src/Graphql/sport.graphql.js": {"path":"/Users/macbookpro/skillTestApplication/src/Graphql/sport.graphql.js","statementMap":{"0":{"start":{"line":3,"column":21},"end":{"line":12,"column":1}}},"fnMap":{},"branchMap":{},"s":{"0":2},"f":{},"b":{},"_coverageSchema":"1a1c01bbd47fc00a2c39e90264f33305004495a9","hash":"3f69090d0027f556aad47d3823ee929552db3908"}
,"/Users/macbookpro/skillTestApplication/src/Pages/DetailsScreen/DetailsScreen.js": {"path":"/Users/macbookpro/skillTestApplication/src/Pages/DetailsScreen/DetailsScreen.js","statementMap":{"0":{"start":{"line":8,"column":22},"end":{"line":17,"column":1}},"1":{"start":{"line":9,"column":15},"end":{"line":9,"column":39}},"2":{"start":{"line":11,"column":2},"end":{"line":16,"column":4}}},"fnMap":{"0":{"name":"(anonymous_0)","decl":{"start":{"line":8,"column":22},"end":{"line":8,"column":23}},"loc":{"start":{"line":8,"column":31},"end":{"line":17,"column":1}},"line":8}},"branchMap":{},"s":{"0":1,"1":2,"2":2},"f":{"0":2},"b":{},"_coverageSchema":"1a1c01bbd47fc00a2c39e90264f33305004495a9","hash":"cc4b78067501f1b8b2d877d243531abe7ed7276f"}
,"/Users/macbookpro/skillTestApplication/src/Pages/DetailsScreen/DetailsScreen.styles.js": {"path":"/Users/macbookpro/skillTestApplication/src/Pages/DetailsScreen/DetailsScreen.styles.js","statementMap":{"0":{"start":{"line":1,"column":15},"end":{"line":17,"column":1}}},"fnMap":{},"branchMap":{},"s":{"0":1},"f":{},"b":{},"_coverageSchema":"1a1c01bbd47fc00a2c39e90264f33305004495a9","hash":"6b4c8b08a4d6bde83ea7ef605a82a667c5187734"}
,"/Users/macbookpro/skillTestApplication/src/Pages/FavoriteScreen/FavoriteScreen.js": {"path":"/Users/macbookpro/skillTestApplication/src/Pages/FavoriteScreen/FavoriteScreen.js","statementMap":{"0":{"start":{"line":4,"column":23},"end":{"line":10,"column":1}},"1":{"start":{"line":5,"column":2},"end":{"line":9,"column":4}}},"fnMap":{"0":{"name":"(anonymous_0)","decl":{"start":{"line":4,"column":23},"end":{"line":4,"column":24}},"loc":{"start":{"line":4,"column":41},"end":{"line":10,"column":1}},"line":4}},"branchMap":{},"s":{"0":1,"1":1},"f":{"0":1},"b":{},"_coverageSchema":"1a1c01bbd47fc00a2c39e90264f33305004495a9","hash":"5e8beb2348f68fe415ae7a89611c72ad8c691162"}
,"/Users/macbookpro/skillTestApplication/src/Pages/HomeScreen/HomeScreen.js": {"path":"/Users/macbookpro/skillTestApplication/src/Pages/HomeScreen/HomeScreen.js","statementMap":{"0":{"start":{"line":15,"column":22},"end":{"line":15,"column":69}},"1":{"start":{"line":15,"column":28},"end":{"line":15,"column":69}},"2":{"start":{"line":17,"column":27},"end":{"line":25,"column":1}},"3":{"start":{"line":18,"column":2},"end":{"line":24,"column":9}},"4":{"start":{"line":27,"column":27},"end":{"line":40,"column":1}},"5":{"start":{"line":28,"column":39},"end":{"line":28,"column":44}},"6":{"start":{"line":30,"column":2},"end":{"line":39,"column":4}},"7":{"start":{"line":42,"column":21},"end":{"line":46,"column":1}},"8":{"start":{"line":43,"column":2},"end":{"line":45,"column":14}},"9":{"start":{"line":48,"column":19},"end":{"line":59,"column":1}},"10":{"start":{"line":49,"column":2},"end":{"line":58,"column":19}}},"fnMap":{"0":{"name":"(anonymous_0)","decl":{"start":{"line":15,"column":22},"end":{"line":15,"column":23}},"loc":{"start":{"line":15,"column":28},"end":{"line":15,"column":69}},"line":15},"1":{"name":"(anonymous_1)","decl":{"start":{"line":17,"column":27},"end":{"line":17,"column":28}},"loc":{"start":{"line":18,"column":2},"end":{"line":24,"column":9}},"line":18},"2":{"name":"(anonymous_2)","decl":{"start":{"line":27,"column":27},"end":{"line":27,"column":28}},"loc":{"start":{"line":27,"column":50},"end":{"line":40,"column":1}},"line":27},"3":{"name":"(anonymous_3)","decl":{"start":{"line":42,"column":21},"end":{"line":42,"column":22}},"loc":{"start":{"line":43,"column":2},"end":{"line":45,"column":14}},"line":43},"4":{"name":"(anonymous_4)","decl":{"start":{"line":48,"column":19},"end":{"line":48,"column":20}},"loc":{"start":{"line":49,"column":2},"end":{"line":58,"column":19}},"line":49}},"branchMap":{},"s":{"0":2,"1":6,"2":2,"3":3,"4":2,"5":3,"6":3,"7":2,"8":6,"9":2,"10":6},"f":{"0":6,"1":3,"2":3,"3":6,"4":6},"b":{},"_coverageSchema":"1a1c01bbd47fc00a2c39e90264f33305004495a9","hash":"8fbc4966471e4e21891e2814c8942cb40beda930"}
,"/Users/macbookpro/skillTestApplication/src/Pages/HomeScreen/HomeScreen.styles.js": {"path":"/Users/macbookpro/skillTestApplication/src/Pages/HomeScreen/HomeScreen.styles.js","statementMap":{"0":{"start":{"line":1,"column":15},"end":{"line":29,"column":1}}},"fnMap":{},"branchMap":{},"s":{"0":2},"f":{},"b":{},"_coverageSchema":"1a1c01bbd47fc00a2c39e90264f33305004495a9","hash":"fc86b16949bd1376eaca8f84408b80c7ed9209c9"}
,"/Users/macbookpro/skillTestApplication/src/Pages/HomeScreen/HomeScreen.utils.js": {"path":"/Users/macbookpro/skillTestApplication/src/Pages/HomeScreen/HomeScreen.utils.js","statementMap":{"0":{"start":{"line":1,"column":31},"end":{"line":3,"column":1}},"1":{"start":{"line":1,"column":54},"end":{"line":3,"column":1}},"2":{"start":{"line":2,"column":2},"end":{"line":2,"column":42}},"3":{"start":{"line":5,"column":28},"end":{"line":8,"column":2}},"4":{"start":{"line":5,"column":39},"end":{"line":8,"column":1}},"5":{"start":{"line":10,"column":25},"end":{"line":17,"column":1}},"6":{"start":{"line":11,"column":21},"end":{"line":11,"column":30}},"7":{"start":{"line":12,"column":2},"end":{"line":14,"column":5}},"8":{"start":{"line":16,"column":2},"end":{"line":16,"column":20}}},"fnMap":{"0":{"name":"(anonymous_0)","decl":{"start":{"line":1,"column":31},"end":{"line":1,"column":32}},"loc":{"start":{"line":1,"column":54},"end":{"line":3,"column":1}},"line":1},"1":{"name":"(anonymous_1)","decl":{"start":{"line":1,"column":54},"end":{"line":1,"column":55}},"loc":{"start":{"line":1,"column":60},"end":{"line":3,"column":1}},"line":1},"2":{"name":"(anonymous_2)","decl":{"start":{"line":5,"column":28},"end":{"line":5,"column":29}},"loc":{"start":{"line":5,"column":39},"end":{"line":8,"column":1}},"line":5},"3":{"name":"(anonymous_3)","decl":{"start":{"line":10,"column":25},"end":{"line":10,"column":26}},"loc":{"start":{"line":10,"column":31},"end":{"line":17,"column":1}},"line":10}},"branchMap":{},"s":{"0":3,"1":4,"2":2,"3":3,"4":5,"5":3,"6":2,"7":2,"8":2},"f":{"0":4,"1":2,"2":5,"3":2},"b":{},"_coverageSchema":"1a1c01bbd47fc00a2c39e90264f33305004495a9","hash":"7ad677a01c114101b1aeb4a6ec61464d3f457832"}
}
