{"/Users/macbookpro/skillTestApplication/server/constants/index.js": {"path":"/Users/macbookpro/skillTestApplication/server/constants/index.js","statementMap":{"0":{"start":{"line":1,"column":17},"end":{"line":1,"column":61}},"1":{"start":{"line":2,"column":18},"end":{"line":2,"column":69}},"2":{"start":{"line":4,"column":20},"end":{"line":6,"column":1}},"3":{"start":{"line":8,"column":0},"end":{"line":12,"column":1}}},"fnMap":{},"branchMap":{},"s":{"0":2,"1":2,"2":2,"3":2},"f":{},"b":{},"_coverageSchema":"1a1c01bbd47fc00a2c39e90264f33305004495a9","hash":"af3d091900204827fd2905e9b920987634892fc0"}
,"/Users/macbookpro/skillTestApplication/server/schema/index.js": {"path":"/Users/macbookpro/skillTestApplication/server/schema/index.js","statementMap":{"0":{"start":{"line":7,"column":4},"end":{"line":7,"column":22}},"1":{"start":{"line":12,"column":4},"end":{"line":12,"column":26}},"2":{"start":{"line":14,"column":18},"end":{"line":35,"column":2}},"3":{"start":{"line":17,"column":17},"end":{"line":34,"column":3}},"4":{"start":{"line":20,"column":25},"end":{"line":20,"column":34}},"5":{"start":{"line":24,"column":25},"end":{"line":24,"column":40}},"6":{"start":{"line":28,"column":25},"end":{"line":28,"column":51}},"7":{"start":{"line":32,"column":25},"end":{"line":32,"column":45}},"8":{"start":{"line":37,"column":20},"end":{"line":46,"column":2}},"9":{"start":{"line":40,"column":17},"end":{"line":45,"column":3}},"10":{"start":{"line":43,"column":26},"end":{"line":43,"column":40}},"11":{"start":{"line":48,"column":18},"end":{"line":57,"column":2}},"12":{"start":{"line":51,"column":17},"end":{"line":56,"column":3}},"13":{"start":{"line":59,"column":21},"end":{"line":76,"column":2}},"14":{"start":{"line":72,"column":8},"end":{"line":72,"column":35}},"15":{"start":{"line":78,"column":0},"end":{"line":81,"column":3}}},"fnMap":{"0":{"name":"(anonymous_0)","decl":{"start":{"line":17,"column":10},"end":{"line":17,"column":11}},"loc":{"start":{"line":17,"column":17},"end":{"line":34,"column":3}},"line":17},"1":{"name":"(anonymous_1)","decl":{"start":{"line":20,"column":15},"end":{"line":20,"column":16}},"loc":{"start":{"line":20,"column":25},"end":{"line":20,"column":34}},"line":20},"2":{"name":"(anonymous_2)","decl":{"start":{"line":24,"column":15},"end":{"line":24,"column":16}},"loc":{"start":{"line":24,"column":25},"end":{"line":24,"column":40}},"line":24},"3":{"name":"(anonymous_3)","decl":{"start":{"line":28,"column":15},"end":{"line":28,"column":16}},"loc":{"start":{"line":28,"column":25},"end":{"line":28,"column":51}},"line":28},"4":{"name":"(anonymous_4)","decl":{"start":{"line":32,"column":15},"end":{"line":32,"column":16}},"loc":{"start":{"line":32,"column":25},"end":{"line":32,"column":45}},"line":32},"5":{"name":"(anonymous_5)","decl":{"start":{"line":40,"column":10},"end":{"line":40,"column":11}},"loc":{"start":{"line":40,"column":17},"end":{"line":45,"column":3}},"line":40},"6":{"name":"(anonymous_6)","decl":{"start":{"line":43,"column":15},"end":{"line":43,"column":16}},"loc":{"start":{"line":43,"column":26},"end":{"line":43,"column":40}},"line":43},"7":{"name":"(anonymous_7)","decl":{"start":{"line":51,"column":10},"end":{"line":51,"column":11}},"loc":{"start":{"line":51,"column":17},"end":{"line":56,"column":3}},"line":51},"8":{"name":"(anonymous_8)","decl":{"start":{"line":71,"column":6},"end":{"line":71,"column":7}},"loc":{"start":{"line":71,"column":28},"end":{"line":73,"column":7}},"line":71}},"branchMap":{},"s":{"0":1,"1":1,"2":1,"3":1,"4":1,"5":1,"6":1,"7":1,"8":1,"9":1,"10":1,"11":1,"12":1,"13":1,"14":1,"15":1},"f":{"0":1,"1":1,"2":1,"3":1,"4":1,"5":1,"6":1,"7":1,"8":1},"b":{},"_coverageSchema":"1a1c01bbd47fc00a2c39e90264f33305004495a9","hash":"dc486f44207cd0af85c8e8e8034fecfb840e45c4"}
,"/Users/macbookpro/skillTestApplication/server/services/index.js": {"path":"/Users/macbookpro/skillTestApplication/server/services/index.js","statementMap":{"0":{"start":{"line":1,"column":14},"end":{"line":1,"column":35}},"1":{"start":{"line":3,"column":45},"end":{"line":3,"column":68}},"2":{"start":{"line":5,"column":27},"end":{"line":8,"column":1}},"3":{"start":{"line":6,"column":14},"end":{"line":6,"column":54}},"4":{"start":{"line":7,"column":2},"end":{"line":7,"column":20}},"5":{"start":{"line":10,"column":23},"end":{"line":13,"column":1}},"6":{"start":{"line":11,"column":14},"end":{"line":11,"column":55}},"7":{"start":{"line":12,"column":2},"end":{"line":12,"column":20}},"8":{"start":{"line":15,"column":22},"end":{"line":25,"column":1}},"9":{"start":{"line":16,"column":2},"end":{"line":24,"column":5}},"10":{"start":{"line":27,"column":0},"end":{"line":30,"column":1}}},"fnMap":{"0":{"name":"(anonymous_0)","decl":{"start":{"line":5,"column":27},"end":{"line":5,"column":28}},"loc":{"start":{"line":5,"column":50},"end":{"line":8,"column":1}},"line":5},"1":{"name":"(anonymous_1)","decl":{"start":{"line":10,"column":23},"end":{"line":10,"column":24}},"loc":{"start":{"line":10,"column":35},"end":{"line":13,"column":1}},"line":10},"2":{"name":"(anonymous_2)","decl":{"start":{"line":15,"column":22},"end":{"line":15,"column":23}},"loc":{"start":{"line":15,"column":38},"end":{"line":25,"column":1}},"line":15}},"branchMap":{},"s":{"0":2,"1":2,"2":2,"3":1,"4":1,"5":2,"6":1,"7":1,"8":2,"9":2,"10":2},"f":{"0":1,"1":1,"2":2},"b":{},"_coverageSchema":"1a1c01bbd47fc00a2c39e90264f33305004495a9","hash":"669a87ff272564b6730743fe33abb61fdd3c17a3"}
,"/Users/macbookpro/skillTestApplication/src/Colors/colors.js": {"path":"/Users/macbookpro/skillTestApplication/src/Colors/colors.js","statementMap":{"0":{"start":{"line":1,"column":21},"end":{"line":1,"column":27}},"1":{"start":{"line":2,"column":21},"end":{"line":2,"column":27}},"2":{"start":{"line":3,"column":22},"end":{"line":3,"column":28}},"3":{"start":{"line":4,"column":23},"end":{"line":4,"column":29}},"4":{"start":{"line":5,"column":24},"end":{"line":5,"column":30}}},"fnMap":{},"branchMap":{},"s":{"0":5,"1":5,"2":5,"3":5,"4":5},"f":{},"b":{},"_coverageSchema":"1a1c01bbd47fc00a2c39e90264f33305004495a9","hash":"d2e053c9a0e8447c95fdbfde72c936b8b8d381e3"}
,"/Users/macbookpro/skillTestApplication/src/Colors/index.js": {"path":"/Users/macbookpro/skillTestApplication/src/Colors/index.js","statementMap":{},"fnMap":{},"branchMap":{},"s":{},"f":{},"b":{},"_coverageSchema":"1a1c01bbd47fc00a2c39e90264f33305004495a9","hash":"5a02cced8425389a62dd2b51ef85e1657ed649d5"}
,"/Users/macbookpro/skillTestApplication/src/Components/Card/Card.component.js": {"path":"/Users/macbookpro/skillTestApplication/src/Components/Card/Card.component.js","statementMap":{"0":{"start":{"line":8,"column":13},"end":{"line":19,"column":1}},"1":{"start":{"line":9,"column":20},"end":{"line":9,"column":65}},"2":{"start":{"line":9,"column":52},"end":{"line":9,"column":64}},"3":{"start":{"line":10,"column":16},"end":{"line":10,"column":31}},"4":{"start":{"line":12,"column":2},"end":{"line":18,"column":4}},"5":{"start":{"line":15,"column":21},"end":{"line":15,"column":36}},"6":{"start":{"line":21,"column":0},"end":{"line":21,"column":38}},"7":{"start":{"line":22,"column":0},"end":{"line":22,"column":40}}},"fnMap":{"0":{"name":"(anonymous_0)","decl":{"start":{"line":8,"column":13},"end":{"line":8,"column":14}},"loc":{"start":{"line":8,"column":43},"end":{"line":19,"column":1}},"line":8},"1":{"name":"(anonymous_1)","decl":{"start":{"line":9,"column":32},"end":{"line":9,"column":33}},"loc":{"start":{"line":9,"column":52},"end":{"line":9,"column":64}},"line":9},"2":{"name":"(anonymous_2)","decl":{"start":{"line":15,"column":15},"end":{"line":15,"column":16}},"loc":{"start":{"line":15,"column":21},"end":{"line":15,"column":36}},"line":15}},"branchMap":{},"s":{"0":2,"1":5,"2":3,"3":5,"4":5,"5":1,"6":2,"7":2},"f":{"0":5,"1":3,"2":1},"b":{},"_coverageSchema":"1a1c01bbd47fc00a2c39e90264f33305004495a9","hash":"d933e93e4cda53b752079aaa1415a78ac1f6d67c"}
,"/Users/macbookpro/skillTestApplication/src/Components/Card/Card.config.js": {"path":"/Users/macbookpro/skillTestApplication/src/Components/Card/Card.config.js","statementMap":{"0":{"start":{"line":3,"column":21},"end":{"line":7,"column":1}},"1":{"start":{"line":9,"column":20},"end":{"line":9,"column":26}}},"fnMap":{},"branchMap":{},"s":{"0":2,"1":2},"f":{},"b":{},"_coverageSchema":"1a1c01bbd47fc00a2c39e90264f33305004495a9","hash":"f45dbfcdd9004643c4fb26ae1e51f63bef8538d3"}
,"/Users/macbookpro/skillTestApplication/src/Components/Card/Card.styles.js": {"path":"/Users/macbookpro/skillTestApplication/src/Components/Card/Card.styles.js","statementMap":{"0":{"start":{"line":3,"column":15},"end":{"line":16,"column":1}},"1":{"start":{"line":5,"column":4},"end":{"line":14,"column":6}}},"fnMap":{"0":{"name":"(anonymous_0)","decl":{"start":{"line":4,"column":13},"end":{"line":4,"column":14}},"loc":{"start":{"line":4,"column":27},"end":{"line":15,"column":3}},"line":4}},"branchMap":{"0":{"loc":{"start":{"line":9,"column":23},"end":{"line":9,"column":77}},"type":"cond-expr","locations":[{"start":{"line":9,"column":36},"end":{"line":9,"column":55}},{"start":{"line":9,"column":58},"end":{"line":9,"column":77}}],"line":9}},"s":{"0":2,"1":5},"f":{"0":5},"b":{"0":[3,2]},"_coverageSchema":"1a1c01bbd47fc00a2c39e90264f33305004495a9","hash":"4eb88bea1d4ad9c46a5551b4a826ab3e11bf4dce"}
,"/Users/macbookpro/skillTestApplication/src/Components/HeaderList/HeaderList.component.js": {"path":"/Users/macbookpro/skillTestApplication/src/Components/HeaderList/HeaderList.component.js","statementMap":{"0":{"start":{"line":9,"column":19},"end":{"line":19,"column":1}},"1":{"start":{"line":10,"column":20},"end":{"line":10,"column":65}},"2":{"start":{"line":10,"column":52},"end":{"line":10,"column":64}},"3":{"start":{"line":11,"column":16},"end":{"line":11,"column":31}},"4":{"start":{"line":12,"column":28},"end":{"line":12,"column":33}},"5":{"start":{"line":14,"column":2},"end":{"line":18,"column":4}},"6":{"start":{"line":21,"column":0},"end":{"line":21,"column":44}},"7":{"start":{"line":22,"column":0},"end":{"line":22,"column":46}}},"fnMap":{"0":{"name":"(anonymous_0)","decl":{"start":{"line":9,"column":19},"end":{"line":9,"column":20}},"loc":{"start":{"line":9,"column":49},"end":{"line":19,"column":1}},"line":9},"1":{"name":"(anonymous_1)","decl":{"start":{"line":10,"column":32},"end":{"line":10,"column":33}},"loc":{"start":{"line":10,"column":52},"end":{"line":10,"column":64}},"line":10}},"branchMap":{},"s":{"0":3,"1":4,"2":2,"3":4,"4":4,"5":4,"6":3,"7":3},"f":{"0":4,"1":2},"b":{},"_coverageSchema":"1a1c01bbd47fc00a2c39e90264f33305004495a9","hash":"a715810c09ba699d8e5cebda8ca9992628e4627c"}
,"/Users/macbookpro/skillTestApplication/src/Components/HeaderList/HeaderList.config.js": {"path":"/Users/macbookpro/skillTestApplication/src/Components/HeaderList/HeaderList.config.js","statementMap":{"0":{"start":{"line":1,"column":21},"end":{"line":3,"column":1}},"1":{"start":{"line":5,"column":20},"end":{"line":5,"column":32}}},"fnMap":{},"branchMap":{},"s":{"0":3,"1":3},"f":{},"b":{},"_coverageSchema":"1a1c01bbd47fc00a2c39e90264f33305004495a9","hash":"cf66871e0a0270fb60a095388b8ccfd0913a701f"}
,"/Users/macbookpro/skillTestApplication/src/Components/HeaderList/HeaderList.styles.js": {"path":"/Users/macbookpro/skillTestApplication/src/Components/HeaderList/HeaderList.styles.js","statementMap":{"0":{"start":{"line":3,"column":15},"end":{"line":17,"column":1}},"1":{"start":{"line":5,"column":4},"end":{"line":8,"column":6}},"2":{"start":{"line":11,"column":4},"end":{"line":15,"column":6}}},"fnMap":{"0":{"name":"(anonymous_0)","decl":{"start":{"line":4,"column":13},"end":{"line":4,"column":14}},"loc":{"start":{"line":4,"column":26},"end":{"line":9,"column":3}},"line":4},"1":{"name":"(anonymous_1)","decl":{"start":{"line":10,"column":8},"end":{"line":10,"column":9}},"loc":{"start":{"line":10,"column":21},"end":{"line":16,"column":3}},"line":10}},"branchMap":{"0":{"loc":{"start":{"line":6,"column":19},"end":{"line":6,"column":75}},"type":"cond-expr","locations":[{"start":{"line":6,"column":31},"end":{"line":6,"column":51}},{"start":{"line":6,"column":54},"end":{"line":6,"column":75}}],"line":6},"1":{"loc":{"start":{"line":14,"column":13},"end":{"line":14,"column":69}},"type":"cond-expr","locations":[{"start":{"line":14,"column":25},"end":{"line":14,"column":47}},{"start":{"line":14,"column":50},"end":{"line":14,"column":69}}],"line":14}},"s":{"0":3,"1":4,"2":4},"f":{"0":4,"1":4},"b":{"0":[2,2],"1":[2,2]},"_coverageSchema":"1a1c01bbd47fc00a2c39e90264f33305004495a9","hash":"c29d47fc8ca452fc5f0f2fdd740da63c1a79241f"}
,"/Users/macbookpro/skillTestApplication/src/Components/HeaderList/index.js": {"path":"/Users/macbookpro/skillTestApplication/src/Components/HeaderList/index.js","statementMap":{},"fnMap":{},"branchMap":{},"s":{},"f":{},"b":{},"_coverageSchema":"1a1c01bbd47fc00a2c39e90264f33305004495a9","hash":"77976444932c62d5197450f8dd17bc67ceebecc9"}
,"/Users/macbookpro/skillTestApplication/src/Components/ListView/ListView.component.js": {"path":"/Users/macbookpro/skillTestApplication/src/Components/ListView/ListView.component.js","statementMap":{"0":{"start":{"line":7,"column":17},"end":{"line":17,"column":1}},"1":{"start":{"line":8,"column":2},"end":{"line":16,"column":9}},"2":{"start":{"line":12,"column":30},"end":{"line":12,"column":68}},"3":{"start":{"line":19,"column":0},"end":{"line":19,"column":42}},"4":{"start":{"line":20,"column":0},"end":{"line":20,"column":44}}},"fnMap":{"0":{"name":"(anonymous_0)","decl":{"start":{"line":7,"column":17},"end":{"line":7,"column":18}},"loc":{"start":{"line":8,"column":2},"end":{"line":16,"column":9}},"line":8},"1":{"name":"(anonymous_1)","decl":{"start":{"line":12,"column":18},"end":{"line":12,"column":19}},"loc":{"start":{"line":12,"column":30},"end":{"line":12,"column":68}},"line":12}},"branchMap":{},"s":{"0":3,"1":7,"2":2,"3":3,"4":3},"f":{"0":7,"1":2},"b":{},"_coverageSchema":"1a1c01bbd47fc00a2c39e90264f33305004495a9","hash":"bbbf1d38c176c0228a9e9afb705325ef3a4d1eaf"}
,"/Users/macbookpro/skillTestApplication/src/Components/ListView/ListView.config.js": {"path":"/Users/macbookpro/skillTestApplication/src/Components/ListView/ListView.config.js","statementMap":{"0":{"start":{"line":3,"column":21},"end":{"line":9,"column":1}},"1":{"start":{"line":11,"column":20},"end":{"line":11,"column":30}}},"fnMap":{},"branchMap":{},"s":{"0":3,"1":3},"f":{},"b":{},"_coverageSchema":"1a1c01bbd47fc00a2c39e90264f33305004495a9","hash":"8ecc03ab8cd29ae2074af2ae7957b3f22b6d4325"}
,"/Users/macbookpro/skillTestApplication/src/Components/ListView/ListView.styles.js": {"path":"/Users/macbookpro/skillTestApplication/src/Components/ListView/ListView.styles.js","statementMap":{"0":{"start":{"line":1,"column":15},"end":{"line":10,"column":1}}},"fnMap":{},"branchMap":{},"s":{"0":3},"f":{},"b":{},"_coverageSchema":"1a1c01bbd47fc00a2c39e90264f33305004495a9","hash":"cf8ed6f27fa0b653101a0467cc13d34ba2e0c4eb"}
,"/Users/macbookpro/skillTestApplication/src/Components/ListView/index.js": {"path":"/Users/macbookpro/skillTestApplication/src/Components/ListView/index.js","statementMap":{},"fnMap":{},"branchMap":{},"s":{},"f":{},"b":{},"_coverageSchema":"1a1c01bbd47fc00a2c39e90264f33305004495a9","hash":"aab64de71243e53edb802adc2b5d750c09554387"}
,"/Users/macbookpro/skillTestApplication/src/Components/TextField/TextField.component.js": {"path":"/Users/macbookpro/skillTestApplication/src/Components/TextField/TextField.component.js","statementMap":{"0":{"start":{"line":8,"column":18},"end":{"line":25,"column":1}},"1":{"start":{"line":9,"column":20},"end":{"line":9,"column":65}},"2":{"start":{"line":9,"column":52},"end":{"line":9,"column":64}},"3":{"start":{"line":10,"column":16},"end":{"line":10,"column":31}},"4":{"start":{"line":11,"column":74},"end":{"line":11,"column":79}},"5":{"start":{"line":13,"column":2},"end":{"line":24,"column":4}},"6":{"start":{"line":27,"column":0},"end":{"line":27,"column":43}},"7":{"start":{"line":28,"column":0},"end":{"line":28,"column":45}}},"fnMap":{"0":{"name":"(anonymous_0)","decl":{"start":{"line":8,"column":18},"end":{"line":8,"column":19}},"loc":{"start":{"line":8,"column":27},"end":{"line":25,"column":1}},"line":8},"1":{"name":"(anonymous_1)","decl":{"start":{"line":9,"column":32},"end":{"line":9,"column":33}},"loc":{"start":{"line":9,"column":52},"end":{"line":9,"column":64}},"line":9}},"branchMap":{},"s":{"0":2,"1":6,"2":2,"3":6,"4":6,"5":6,"6":2,"7":2},"f":{"0":6,"1":2},"b":{},"_coverageSchema":"1a1c01bbd47fc00a2c39e90264f33305004495a9","hash":"0ca253df4faf777f82f75ef97cbc351ef94de18c"}
,"/Users/macbookpro/skillTestApplication/src/Components/TextField/TextField.config.js": {"path":"/Users/macbookpro/skillTestApplication/src/Components/TextField/TextField.config.js","statementMap":{"0":{"start":{"line":1,"column":21},"end":{"line":7,"column":1}},"1":{"start":{"line":9,"column":20},"end":{"line":9,"column":31}}},"fnMap":{},"branchMap":{},"s":{"0":2,"1":2},"f":{},"b":{},"_coverageSchema":"1a1c01bbd47fc00a2c39e90264f33305004495a9","hash":"3ba5a8b37f0af2d9ace70470023fcf76acd5867d"}
,"/Users/macbookpro/skillTestApplication/src/Components/TextField/TextField.styles.js": {"path":"/Users/macbookpro/skillTestApplication/src/Components/TextField/TextField.styles.js","statementMap":{"0":{"start":{"line":1,"column":15},"end":{"line":7,"column":1}},"1":{"start":{"line":3,"column":4},"end":{"line":5,"column":6}}},"fnMap":{"0":{"name":"(anonymous_0)","decl":{"start":{"line":2,"column":8},"end":{"line":2,"column":9}},"loc":{"start":{"line":2,"column":44},"end":{"line":6,"column":3}},"line":2}},"branchMap":{"0":{"loc":{"start":{"line":4,"column":13},"end":{"line":4,"column":45}},"type":"cond-expr","locations":[{"start":{"line":4,"column":25},"end":{"line":4,"column":33}},{"start":{"line":4,"column":36},"end":{"line":4,"column":45}}],"line":4}},"s":{"0":2,"1":6},"f":{"0":6},"b":{"0":[3,3]},"_coverageSchema":"1a1c01bbd47fc00a2c39e90264f33305004495a9","hash":"7c62960a59158534816fef2f68a0afc151d619fa"}
,"/Users/macbookpro/skillTestApplication/src/Components/TextField/index.js": {"path":"/Users/macbookpro/skillTestApplication/src/Components/TextField/index.js","statementMap":{},"fnMap":{},"branchMap":{},"s":{},"f":{},"b":{},"_coverageSchema":"1a1c01bbd47fc00a2c39e90264f33305004495a9","hash":"581f86cea331a3818aa5ef6d0b2db1849dfc4440"}
,"/Users/macbookpro/skillTestApplication/src/Constants/Constants.js": {"path":"/Users/macbookpro/skillTestApplication/src/Constants/Constants.js","statementMap":{"0":{"start":{"line":1,"column":18},"end":{"line":9,"column":1}}},"fnMap":{"0":{"name":"(anonymous_0)","decl":{"start":{"line":7,"column":20},"end":{"line":7,"column":21}},"loc":{"start":{"line":7,"column":26},"end":{"line":7,"column":28}},"line":7}},"branchMap":{},"s":{"0":5},"f":{"0":2},"b":{},"_coverageSchema":"1a1c01bbd47fc00a2c39e90264f33305004495a9","hash":"56545ad749122e60cf02d2931dc485acb2f78637"}
,"/Users/macbookpro/skillTestApplication/src/Constants/index.js": {"path":"/Users/macbookpro/skillTestApplication/src/Constants/index.js","statementMap":{},"fnMap":{},"branchMap":{},"s":{},"f":{},"b":{},"_coverageSchema":"1a1c01bbd47fc00a2c39e90264f33305004495a9","hash":"f567849228f6346d8026b8013d8e3c3f9aec278b"}
,"/Users/macbookpro/skillTestApplication/src/Graphql/sport.graphql.js": {"path":"/Users/macbookpro/skillTestApplication/src/Graphql/sport.graphql.js","statementMap":{"0":{"start":{"line":3,"column":21},"end":{"line":12,"column":1}}},"fnMap":{},"branchMap":{},"s":{"0":2},"f":{},"b":{},"_coverageSchema":"1a1c01bbd47fc00a2c39e90264f33305004495a9","hash":"3f69090d0027f556aad47d3823ee929552db3908"}
,"/Users/macbookpro/skillTestApplication/src/Pages/DetailsScreen/DetailsScreen.js": {"path":"/Users/macbookpro/skillTestApplication/src/Pages/DetailsScreen/DetailsScreen.js","statementMap":{"0":{"start":{"line":8,"column":22},"end":{"line":17,"column":1}},"1":{"start":{"line":9,"column":15},"end":{"line":9,"column":39}},"2":{"start":{"line":11,"column":2},"end":{"line":16,"column":4}}},"fnMap":{"0":{"name":"(anonymous_0)","decl":{"start":{"line":8,"column":22},"end":{"line":8,"column":23}},"loc":{"start":{"line":8,"column":31},"end":{"line":17,"column":1}},"line":8}},"branchMap":{},"s":{"0":1,"1":2,"2":2},"f":{"0":2},"b":{},"_coverageSchema":"1a1c01bbd47fc00a2c39e90264f33305004495a9","hash":"cc4b78067501f1b8b2d877d243531abe7ed7276f"}
,"/Users/macbookpro/skillTestApplication/src/Pages/DetailsScreen/DetailsScreen.styles.js": {"path":"/Users/macbookpro/skillTestApplication/src/Pages/DetailsScreen/DetailsScreen.styles.js","statementMap":{"0":{"start":{"line":1,"column":15},"end":{"line":17,"column":1}}},"fnMap":{},"branchMap":{},"s":{"0":1},"f":{},"b":{},"_coverageSchema":"1a1c01bbd47fc00a2c39e90264f33305004495a9","hash":"6b4c8b08a4d6bde83ea7ef605a82a667c5187734"}
,"/Users/macbookpro/skillTestApplication/src/Pages/FavoriteScreen/FavoriteScreen.js": {"path":"/Users/macbookpro/skillTestApplication/src/Pages/FavoriteScreen/FavoriteScreen.js","statementMap":{"0":{"start":{"line":4,"column":23},"end":{"line":10,"column":1}},"1":{"start":{"line":5,"column":2},"end":{"line":9,"column":4}}},"fnMap":{"0":{"name":"(anonymous_0)","decl":{"start":{"line":4,"column":23},"end":{"line":4,"column":24}},"loc":{"start":{"line":4,"column":41},"end":{"line":10,"column":1}},"line":4}},"branchMap":{},"s":{"0":1,"1":1},"f":{"0":1},"b":{},"_coverageSchema":"1a1c01bbd47fc00a2c39e90264f33305004495a9","hash":"5e8beb2348f68fe415ae7a89611c72ad8c691162"}
,"/Users/macbookpro/skillTestApplication/src/Pages/HomeScreen/HomeScreen.js": {"path":"/Users/macbookpro/skillTestApplication/src/Pages/HomeScreen/HomeScreen.js","statementMap":{"0":{"start":{"line":15,"column":22},"end":{"line":15,"column":69}},"1":{"start":{"line":15,"column":28},"end":{"line":15,"column":69}},"2":{"start":{"line":17,"column":27},"end":{"line":25,"column":1}},"3":{"start":{"line":18,"column":2},"end":{"line":24,"column":9}},"4":{"start":{"line":27,"column":27},"end":{"line":37,"column":1}},"5":{"start":{"line":28,"column":39},"end":{"line":28,"column":44}},"6":{"start":{"line":30,"column":2},"end":{"line":36,"column":4}},"7":{"start":{"line":39,"column":21},"end":{"line":43,"column":1}},"8":{"start":{"line":40,"column":2},"end":{"line":42,"column":14}},"9":{"start":{"line":45,"column":19},"end":{"line":58,"column":3}},"10":{"start":{"line":46,"column":2},"end":{"line":57,"column":2}}},"fnMap":{"0":{"name":"(anonymous_0)","decl":{"start":{"line":15,"column":22},"end":{"line":15,"column":23}},"loc":{"start":{"line":15,"column":28},"end":{"line":15,"column":69}},"line":15},"1":{"name":"(anonymous_1)","decl":{"start":{"line":17,"column":27},"end":{"line":17,"column":28}},"loc":{"start":{"line":18,"column":2},"end":{"line":24,"column":9}},"line":18},"2":{"name":"(anonymous_2)","decl":{"start":{"line":27,"column":27},"end":{"line":27,"column":28}},"loc":{"start":{"line":27,"column":50},"end":{"line":37,"column":1}},"line":27},"3":{"name":"(anonymous_3)","decl":{"start":{"line":39,"column":21},"end":{"line":39,"column":22}},"loc":{"start":{"line":40,"column":2},"end":{"line":42,"column":14}},"line":40},"4":{"name":"(anonymous_4)","decl":{"start":{"line":45,"column":19},"end":{"line":45,"column":20}},"loc":{"start":{"line":45,"column":28},"end":{"line":58,"column":3}},"line":45}},"branchMap":{},"s":{"0":2,"1":6,"2":2,"3":3,"4":2,"5":3,"6":3,"7":2,"8":6,"9":2,"10":6},"f":{"0":6,"1":3,"2":3,"3":6,"4":6},"b":{},"_coverageSchema":"1a1c01bbd47fc00a2c39e90264f33305004495a9","hash":"d1f71f1007c8e2e63d98682adca72d11098f7b28"}
,"/Users/macbookpro/skillTestApplication/src/Pages/HomeScreen/HomeScreen.styles.js": {"path":"/Users/macbookpro/skillTestApplication/src/Pages/HomeScreen/HomeScreen.styles.js","statementMap":{"0":{"start":{"line":1,"column":15},"end":{"line":29,"column":1}}},"fnMap":{},"branchMap":{},"s":{"0":2},"f":{},"b":{},"_coverageSchema":"1a1c01bbd47fc00a2c39e90264f33305004495a9","hash":"fc86b16949bd1376eaca8f84408b80c7ed9209c9"}
,"/Users/macbookpro/skillTestApplication/src/Pages/HomeScreen/HomeScreen.utils.js": {"path":"/Users/macbookpro/skillTestApplication/src/Pages/HomeScreen/HomeScreen.utils.js","statementMap":{"0":{"start":{"line":1,"column":31},"end":{"line":4,"column":1}},"1":{"start":{"line":1,"column":54},"end":{"line":4,"column":1}},"2":{"start":{"line":2,"column":2},"end":{"line":2,"column":26}},"3":{"start":{"line":3,"column":2},"end":{"line":3,"column":42}},"4":{"start":{"line":6,"column":28},"end":{"line":9,"column":2}},"5":{"start":{"line":6,"column":39},"end":{"line":9,"column":1}},"6":{"start":{"line":11,"column":25},"end":{"line":18,"column":1}},"7":{"start":{"line":12,"column":21},"end":{"line":12,"column":30}},"8":{"start":{"line":13,"column":2},"end":{"line":15,"column":5}},"9":{"start":{"line":17,"column":2},"end":{"line":17,"column":20}}},"fnMap":{"0":{"name":"(anonymous_0)","decl":{"start":{"line":1,"column":31},"end":{"line":1,"column":32}},"loc":{"start":{"line":1,"column":54},"end":{"line":4,"column":1}},"line":1},"1":{"name":"(anonymous_1)","decl":{"start":{"line":1,"column":54},"end":{"line":1,"column":55}},"loc":{"start":{"line":1,"column":60},"end":{"line":4,"column":1}},"line":1},"2":{"name":"(anonymous_2)","decl":{"start":{"line":6,"column":28},"end":{"line":6,"column":29}},"loc":{"start":{"line":6,"column":39},"end":{"line":9,"column":1}},"line":6},"3":{"name":"(anonymous_3)","decl":{"start":{"line":11,"column":25},"end":{"line":11,"column":26}},"loc":{"start":{"line":11,"column":31},"end":{"line":18,"column":1}},"line":11}},"branchMap":{},"s":{"0":3,"1":4,"2":2,"3":2,"4":3,"5":5,"6":3,"7":2,"8":2,"9":2},"f":{"0":4,"1":2,"2":5,"3":2},"b":{},"_coverageSchema":"1a1c01bbd47fc00a2c39e90264f33305004495a9","hash":"fe3c5a363ab138b6a74eb114ea1ace5b8a33a0e7"}
}
